Reading SKOS file
Writing term SRM0429
Writing term SRM0048
Writing term SRM0351
Writing term SRM0057
Writing term SRM0364
Writing term SRM0108
Writing term SRM0030
Writing term SRM0066
Writing term SRM0046
Writing term SRM0069
Writing term SRM0039
Writing term SRM0143
Writing term SRM0139
Writing term SRM0608
Writing term SRM0169
Writing term SRM0037
Writing term SRM0155
Writing term SRM0172
Writing term SRM0409
Writing term SRM0487
Writing term SRM0534
Writing term SRM0197
Writing term SRM0520
Writing term SRM0142
Writing term SRM0114
Writing term SRM0135
Writing term SRM0110
Writing term SRM0002
Writing term SRM0497
Writing term SRM0097
Writing term SRM0436
Writing term SRM0192
Writing term SRM0348
Writing term SRM0087
Writing term SRM0326
Writing term SRM0043
Writing term SRM0401
Writing term SRM0215
Writing term SRM0081
Writing term SRM0488
Writing term SRM0357
Writing term SRM0088
Writing term SRM0171
Writing term SRM0080
Writing term SRM0009
Writing term SRM0402
Writing term SRM0421
Writing term SRM0263
Writing term SRM0100
Writing term SRM0562
Writing term SRM0105
Writing term SRM0041
Writing term SRM0478
Writing term SRM0029
Writing term SRM0141
Writing term SRM0187
Writing term SRM0184
Writing term SRM0540
Writing term SRM0023
Writing term SRM0127
Writing term SRM0554
Writing term SRM0427
Writing term SRM0101
Writing term SRM0111
Writing term SRM0050
Writing term SRM0053
Writing term SRM0396
Writing term SRM0013
Writing term SRM0115
Writing term SRM0103
Writing term SRM0092
Writing term SRM0040
Writing term SRM0125
Writing term SRM0191
Writing term SRM0399
Writing term SRM0290
Writing term SRM0126
Writing term SRM0535
Writing term SRM0117
Writing term SRM0168
Writing term SRM0095
Writing term SRM0138
Writing term SRM0071
Writing term SRM0602
Writing term SRM0422
Writing term SRM0549
Writing term SRM0054
Writing term SRM0164
Writing term SRM0067
Writing term SRM0104
Writing term SRM0091
Writing term SRM0016
Writing term SRM0176
Writing term SRM0456
Writing term SRM0078
Writing term SRM0007
Writing term SRM0140
Writing term SRM0218
Writing term SRM0521
Writing term SRM0449
Writing term SRM0447
Writing term SRM0425
Writing term SRM0230
Writing term SRM0025
Writing term SRM0060
Writing term SRM0469
Writing term SRM0075
Writing term SRM0079
Writing term SRM0076
Writing term SRM0035
Writing term SRM0435
Writing term SRM0154
Writing term SRM0160
Writing term SRM0001
Writing term SRM0107
Writing term SRM0292
Writing term SRM0589
Writing term SRM0055
Writing term SRM0021
Writing term SRM0416
Writing term SRM0085
Writing term SRM0022
Writing term SRM0486
Writing term SRM0058
Writing term SRM0086
Writing term SRM0109
Writing term SRM0262
Writing term SRM0070
Writing term SRM0015
Writing term SRM0555
Writing term SRM0256
Writing term SRM0391
Writing term SRM0257
Writing term SRM0056
Writing term SRM0293
Writing term SRM0077
Writing term SRM0018
Writing term SRM0455
Writing term SRM0028
Writing term SRM0149
Writing term SRM0298
Writing term SRM0477
Writing term SRM0062
Writing term SRM0229
Writing term SRM0049
Writing term SRM0157
Writing term SRM0120
Writing term SRM0024
Writing term SRM0152
Writing term SRM0604
Writing term SRM0118
Writing term SRM0137
Writing term SRM0591
Writing term SRM0601
Writing term SRM0541
Writing term SRM0384
Writing term SRM0295
Writing term SRM0296
Writing term SRM0286
Writing term SRM0468
Writing term SRM0210
Writing term SRM0052
Writing term SRM0093
Writing term SRM0033
Writing term SRM0112
Writing term SRM0480
Writing term SRM0370
Writing term SRM0458
Writing term SRM0403
Writing term SRM0482
Writing term SRM0568
Writing term SRM0316
Writing term SRM0448
Writing term SRM0180
Writing term SRM0522
Writing term SRM0438
Writing term SRM0153
Writing term SRM0496
Writing term SRM0532
Writing term SRM0084
Writing term SRM0552
Writing term SRM0167
Writing term SRM0170
Writing term SRM0144
Writing term SRM0417
Writing term SRM0308
Writing term SRM0106
Writing term SRM0179
Writing term SRM0523
Writing term SRM0533
Writing term SRM0159
Writing term SRM0132
Writing term SRM0495
Writing term SRM0408
Writing term SRM0428
Writing term SRM0467
Writing term SRM0543
Writing term SRM0553
Writing term SRM0113
Writing term SRM0443
Writing term SRM0418
Writing term SRM0012
Writing term SRM0373
Writing term SRM0250
Writing term SRM0209
Writing term SRM0211
Writing term SRM0476
Writing term SRM0224
Writing term SRM0304
Writing term SRM0010
Writing term SRM0089
Writing term SRM0289
Writing term SRM0299
Writing term SRM0339
Writing term SRM0542
Writing term SRM0397
Writing term SRM0195
Writing term SRM0239
Writing term SRM0102
Writing term SRM0031
Writing term SRM0281
Writing term SRM0207
Writing term SRM0131
Writing term SRM0061
Writing term SRM0439
Writing term SRM0530
Writing term SRM0446
Writing term SRM0242
Writing term SRM0338
Writing term SRM0268
Writing term SRM0148
Writing term SRM0222
Writing term SRM0411
Writing term SRM0151
Writing term SRM0166
Writing term SRM0550
Writing term SRM0603
Writing term SRM0457
Writing term SRM0381
Writing term SRM0042
Writing term SRM0017
Writing term SRM0158
Writing term SRM0027
Writing term SRM0451
Writing term SRM0008
Writing term SRM0011
Writing term SRM0006
Writing term SRM0432
Writing term SRM0194
Writing term SRM0475
Writing term SRM0489
Writing term SRM0258
Writing term SRM0484
Writing term SRM0419
Writing term SRM0358
Writing term SRM0509
Writing term SRM0544
Writing term SRM0116
Writing term SRM0311
Writing term SRM0431
Writing term SRM0145
Writing term SRM0005
Writing term SRM0238
Writing term SRM0378
Writing term SRM0204
Writing term SRM0462
Writing term SRM0445
Writing term SRM0026
Writing term SRM0474
Writing term SRM0073
Writing term SRM0072
Writing term SRM0074
Writing term SRM0219
Writing term SRM0130
Writing term SRM0240
Writing term SRM0332
Writing term SRM0032
Writing term SRM0051
Writing term SRM0047
Writing term SRM0136
Writing term SRM0405
Writing term SRM0325
Writing term SRM0558
Writing term SRM0344
Writing term SRM0328
Writing term SRM0584
Writing term SRM0190
Writing term SRM0359
Writing term SRM0545
Writing term SRM0483
Writing term SRM0470
Writing term SRM0320
Writing term SRM0472
Writing term SRM0278
Writing term SRM0580
Writing term SRM0252
Writing term SRM0434
Writing term SRM0444
Writing term SRM0004
Writing term SRM0036
Writing term SRM0473
Writing term SRM0297
Writing term SRM0020
Writing term SRM0099
Writing term SRM0233
Writing term SRM0150
Writing term SRM0531
Writing term SRM0333
Writing term SRM0236
Writing term SRM0288
Writing term SRM0559
Writing term SRM0406
Writing term SRM0349
Writing term SRM0459
Writing term SRM0548
Writing term SRM0121
Writing term SRM0621
Writing term SRM0175
Writing term SRM0576
Writing term SRM0577
Writing term SRM0547
Writing term SRM0620
Writing term SRM0331
Writing term SRM0059
Writing term SRM0200
Writing term SRM0375
Writing term SRM0327
Writing term SRM0611
Writing term SRM0569
Writing term SRM0161
Writing term SRM0249
Writing term SRM0433
Writing term SRM0499
Writing term SRM0330
Writing term SRM0546
Writing term SRM0575
Writing term SRM0600
Writing term SRM0346
Writing term SRM0321
Writing term SRM0485
Writing term SRM0347
Writing term SRM0557
Writing term SRM0471
Writing term SRM0217
Writing term SRM0625
Writing term SRM0404
Writing term SRM0003
Writing term SRM0612
Writing term SRM0227
Writing term SRM0366
Writing term SRM0592
Writing term SRM0188
Writing term SRM0466
Writing term SRM0247
Writing term SRM0134
Writing term SRM0237
Writing term SRM0623
Writing term SRM0123
Writing term SRM0044
Writing term SRM0203
Writing term SRM0174
Writing term SRM0270
Writing term SRM0318
Writing term SRM0251
Writing term SRM0491
Writing term SRM0038
Writing term SRM0094
Writing term SRM0528
Writing term SRM0241
Writing term SRM0570
Writing term SRM0343
Writing term SRM0329
Writing term SRM0133
Writing term SRM0096
Writing term SRM0512
Writing term SRM0529
Writing term SRM0622
Writing term SRM0503
Writing term SRM0323
Writing term SRM0199
Writing term SRM0578
Writing term SRM0579
Writing term SRM0565
Writing term SRM0508
Writing term SRM0515
Writing term SRM0185
Writing term SRM0616
Writing term SRM0583
Writing term SRM0213
Writing term SRM0494
Writing term SRM0538
Writing term SRM0225
Writing term SRM0090
Writing term SRM0524
Writing term SRM0122
Writing term SRM0426
Writing term SRM0098
Writing term SRM0624
Writing term SRM0173
Writing term SRM0082
Writing term SRM0255
Writing term SRM0163
Writing term SRM0615
Writing term SRM0420
Writing term SRM0410
Writing term SRM0083
Writing term SRM0186
Writing term SRM0162
Writing term SRM0400
Writing term SRM0610
Writing term SRM0526
Writing term SRM0177
Writing term SRM0413
Writing term SRM0244
Writing term SRM0235
Writing term SRM0182
Writing term SRM0291
Writing term SRM0627
Writing term SRM0490
Writing term SRM0614
Writing term SRM0566
Writing term SRM0334
Writing term SRM0423
Writing term SRM0147
Writing term SRM0536
Writing term SRM0492
Writing term SRM0412
Writing term SRM0156
Writing term SRM0283
Writing term SRM0525
Writing term SRM0626
Writing term SRM0198
Writing term SRM0124
Writing term SRM0564
Writing term SRM0613
Writing term SRM0567
Writing term SRM0539
Writing term SRM0493
Writing term SRM0216
Writing term SRM0226
Writing term SRM0335
Writing term SRM0178
Writing term SRM0507
Writing term SRM0280
Writing term SRM0232
Writing term SRM0253
Writing term SRM0261
Writing term SRM0560
Writing term SRM0618
Writing term SRM0596
Writing term SRM0510
Writing term SRM0516
Writing term SRM0272
Writing term SRM0221
Writing term SRM0595
Writing term SRM0607
Writing term SRM0574
Writing term SRM0128
Writing term SRM0214
Writing term SRM0537
Writing term SRM0527
Writing term SRM0146
Writing term SRM0228
Writing term SRM0414
Writing term SRM0196
Writing term SRM0465
Writing term SRM0212
Writing term SRM0271
Writing term SRM0517
Writing term SRM0594
Writing term SRM0340
Writing term SRM0463
Writing term SRM0424
Writing term SRM0324
Writing term SRM0337
Writing term SRM0642
Writing term SRM0201
Writing term SRM0643
Writing term SRM0619
Writing term SRM0644
Writing term SRM0223
Writing term SRM0645
Writing term SRM0593
Writing term SRM0646
Writing term SRM0572
Writing term SRM0647
Writing term SRM0519
Writing term SRM0648
Writing term SRM0355
Writing term SRM0649
Writing term SRM0518
Writing term SRM0605
Writing term SRM0243
Writing term SRM0563
Writing term SRM0264
Writing term SRM0460
Writing term SRM0639
Writing term SRM0284
Writing term SRM0640
Writing term SRM0504
Writing term SRM0641
Writing term SRM0231
Writing term SRM0617
Writing term SRM0506
Writing term SRM0581
Writing term SRM0306
Writing term SRM0368
Writing term SRM0193
Writing term SRM0282
Writing term SRM0287
Writing term SRM0505
Writing term SRM0582
Writing term SRM0606
Writing term SRM0034
Writing term SRM0129
Writing term SRM0267
Writing term SRM0561
Writing term SRM0273
Writing term SRM0674
Writing term SRM0276
Writing term SRM0675
Writing term SRM0360
Writing term SRM0389
Writing term SRM0585
Writing term SRM0599
Writing term SRM0511
Writing term SRM0183
Writing term SRM0386
Writing term SRM0666
Writing term SRM0206
Writing term SRM0667
Writing term SRM0220
Writing term SRM0668
Writing term SRM0319
Writing term SRM0669
Writing term SRM0586
Writing term SRM0670
Writing term SRM0571
Writing term SRM0671
Writing term SRM0303
Writing term SRM0672
Writing term SRM0245
Writing term SRM0673
Writing term SRM0513
Writing term SRM0658
Writing term SRM0398
Writing term SRM0659
Writing term SRM0598
Writing term SRM0660
Writing term SRM0234
Writing term SRM0661
Writing term SRM0361
Writing term SRM0662
Writing term SRM0307
Writing term SRM0663
Writing term SRM0285
Writing term SRM0664
Writing term SRM0573
Writing term SRM0665
Writing term SRM0452
Writing term SRM0650
Writing term SRM0501
Writing term SRM0651
Writing term SRM0246
Writing term SRM0652
Writing term SRM0181
Writing term SRM0653
Writing term SRM0208
Writing term SRM0654
Writing term SRM0388
Writing term SRM0655
Writing term SRM0275
Writing term SRM0656
Writing term SRM0371
Writing term SRM0657
Writing term SRM0390
Writing term SRM0279
Writing term SRM0365
Writing term SRM0394
Writing term SRM0317
Writing term SRM0441
Writing term SRM0345
Writing term SRM0461
Writing term SRM0395
Writing term SRM0374
Writing term SRM0442
Writing term SRM0385
Writing term SRM0322
Writing term SRM0336
Writing term SRM0064
Writing term SRM0454
Writing term SRM0372
Writing term SRM0587
Writing term SRM0274
Writing term SRM0514
Writing term SRM0500
Writing term SRM0248
Writing term SRM0310
Writing term SRM0309
Writing term SRM0063
Writing term SRM0269
Writing term SRM0259
Writing term SRM0260
Writing term SRM0597
Writing term SRM0609
Writing term SRM0205
Writing term SRM0387
Writing term SRM0369
Writing term SRM0313
Writing term SRM0379
Writing term SRM0265
Writing term SRM0341
Writing term SRM0551
Writing term SRM0019
Writing term SRM0119
Writing term SRM0479
Writing term SRM0353
Writing term SRM0312
Writing term SRM0266
Writing term SRM0068
Writing term SRM0350
Writing term SRM0380
Writing term SRM0590
Writing term SRM0363
Writing term SRM0305
Writing term SRM0315
Writing term SRM0382
Writing term SRM0045
Writing term SRM0377
Writing term SRM0065
Writing term SRM0302
Writing term SRM0430
Writing term SRM0314
Writing term SRM0453
Writing term SRM0440
Writing term SRM0383
Writing term SRM0450
Writing term SRM0342
Writing term SRM0356
Writing term SRM0300
Writing term SRM0393
Writing term SRM0254
Writing term SRM0464
Writing term SRM0352
Writing term SRM0367
Writing term SRM0392
Writing term SRM0301
Writing term SRM0636
Writing term SRM0637
Writing term SRM0631
Writing term SRM0630
Writing term SRM0629
{'TermID': 'SRM0629', 'PreferredTerm': 'professional skills', 'Definition': 'Professional skills refers to the skills that an individual requires to be successful in the workplace.', 'NarrowerTerms': {'SRM0632', 'SRM0634', 'SRM0633'}}
None
Writing term SRM0638
Writing term SRM0632
Writing term SRM0633
Writing term SRM0634
Writing term SRM0635
Writing term SRM0628
Writing term SRM0498
Writing synonym nested models
Writing synonym ethnomethodology
Writing synonym structured observation
Writing synonym action research
Writing synonym action enquiry
Writing synonym action inquiry
Writing synonym covert research
Writing synonym visual research
Writing synonym visual methods
Writing synonym visual analysis
Writing synonym ethnography
Writing synonym idiographic data
Writing synonym case study research
Writing synonym reliability
Writing synonym validity
Writing synonym hypothesis testing
Writing synonym lisrel
Writing synonym multivariate models
Writing synonym multivariate statistics
Writing synonym latent variable models
Writing synonym confirmatory factor analysis
Writing synonym omnibus fit
Writing synonym structural equation modelling
Writing synonym sem
Writing synonym structural equation modeling
Writing synonym population parameters
Writing synonym psychometrics
Writing synonym scalogram analysis
Writing synonym person-fit analysis
Writing synonym psychological tests
Writing synonym intelligence tests
Writing synonym significance testing
Writing synonym test of significance
Writing synonym statistical significance
Writing synonym focus groups
Writing synonym group interviews
Writing synonym group dynamics
Writing synonym factor analysis
Writing synonym non-participant observation
Writing synonym nonparticipant observation
Writing synonym reflexivity
Writing synonym observational research
Writing synonym observation research
Writing synonym observational methods
Writing synonym observational studies
Writing synonym observation methods
Writing synonym participant observation
Writing synonym autocorrelation
Writing synonym exploratory data analysis
Writing synonym eda
Writing synonym residuals
Writing synonym fitting error
Writing synonym populations
Writing synonym confidence intervals
Writing synonym normal distribution
Writing synonym bell curve
Writing synonym normal curve
Writing synonym gaussian distribution
Writing synonym regression coefficient
Writing synonym regression analysis
Writing synonym bootstrapping
Writing synonym probability-based inference
Writing synonym standard deviations
Writing synonym jackknife methods
Writing synonym standard error
Writing synonym maximum likelihood estimation
Writing synonym mle
Writing synonym maximum likelihood
Writing synonym maximum-likelihood estimation
Writing synonym probability
Writing synonym binomial distribution
Writing synonym multilevel analysis
Writing synonym multilevel modelling
Writing synonym sampling distribution
Writing synonym sample distribution
Writing synonym sampling
Writing synonym null hypothesis
Writing synonym sample size
Writing synonym independent variables
Writing synonym praxis
Writing synonym random error
Writing synonym data quality and data management
Writing synonym data quality
Writing synonym measurement
Writing synonym valid measures
Writing synonym single or multiple indicators
Writing synonym measurement error
Writing synonym poststructuralism
Writing synonym multiple voices
Writing synonym multi-voice
Writing synonym qualitative evaluation
Writing synonym evaluation
Writing synonym intervention studies
Writing synonym intervention analysis
Writing synonym unobtrusive measures
Writing synonym unobtrusive methods
Writing synonym theory
Writing synonym theory formation
Writing synonym theorisation
Writing synonym building theory
Writing synonym theorization
Writing synonym theory building
Writing synonym psycho-analytic theory
Writing synonym participatory action research
Writing synonym marxism
Writing synonym photo elicitation
Writing synonym oral history research
Writing synonym oral history
Writing synonym narrative analysis
Writing synonym joint narratives
Writing synonym narratological
Writing synonym oral history interviews
Writing synonym qualitative data analysis
Writing synonym analyzing qualitative data
Writing synonym qualitative analysis
Writing synonym video research
Writing synonym video interviewing
Writing synonym video recording
Writing synonym video interviews
Writing synonym life history interviews
Writing synonym life story interview
Writing synonym historical research
Writing synonym historical analysis
Writing synonym historical methods
Writing synonym time-series analysis
Writing synonym dependent variables
Writing synonym dummy variables
Writing synonym quasi-experimental designs
Writing synonym quasiexperiment
Writing synonym quasi-experiment
Writing synonym quasiexperimental
Writing synonym quasi-experimental
Writing synonym control groups
Writing synonym experimental design
Writing synonym experimental groups
Writing synonym test groups
Writing synonym autoethnography
Writing synonym multiple regression
Writing synonym types of variable
Writing synonym discriminant analysis
Writing synonym research design
Writing synonym frameworks for research
Writing synonym research framework
Writing synonym exploratory research
Writing synonym missing data
Writing synonym missing values
Writing synonym ordinary least squares
Writing synonym ordinary least square method
Writing synonym ols
Writing synonym narrative research
Writing synonym narrative enquiry
Writing synonym narrative inquiry
Writing synonym narrative methods
Writing synonym structured interviews
Writing synonym standardised interview
Writing synonym researcher-administered survey
Writing synonym structured interview
Writing synonym quantitative interviewing
Writing synonym standardized interview
Writing synonym consistent wording
Writing synonym survey research
Writing synonym survey data
Writing synonym life history research
Writing synonym life experiences
Writing synonym life events
Writing synonym life story
Writing synonym qualitative data collection
Writing synonym qualitative interviewing
Writing synonym interviewing
Writing synonym interviews
Writing synonym literature review
Writing synonym lit review
Writing synonym narrative review
Writing synonym review articles
Writing synonym mapping the literature
Writing synonym literature review methodology
Writing synonym literature review methods
Writing synonym background literature
Writing synonym critique
Writing synonym critical analysis
Writing synonym criticality
Writing synonym analysis of variance
Writing synonym anova
Writing synonym quantitative data analysis
Writing synonym statistics
Writing synonym statistical packages
Writing synonym mixed methods
Writing synonym combining methods
Writing synonym mixing qualitative and quantitative
Writing synonym methodological pluralism
Writing synonym historical materialism
Writing synonym game theory
Writing synonym interdisciplinarity
Writing synonym ontology
Writing synonym postmodernism
Writing synonym postmodernist
Writing synonym postmodern
Writing synonym interpretivism
Writing synonym interpretive paradigms
Writing synonym naturalistic inquiry
Writing synonym log-linear analysis
Writing synonym loglinear analysis
Writing synonym log-linear models
Writing synonym log linear models
Writing synonym loglinear modeling
Writing synonym loglinear models
Writing synonym log linear analysis
Writing synonym multiple analysis of variance
Writing synonym manova
Writing synonym analysis of covariance
Writing synonym ancova
Writing synonym path analysis
Writing synonym online interviews
Writing synonym e-interviews
Writing synonym internet interviews
Writing synonym matrix algebra
Writing synonym symbolic interactionism
Writing synonym chicago school
Writing synonym coding
Writing synonym post-coding
Writing synonym in-vivo coding
Writing synonym in vivo coding
Writing synonym heteroscedasticity
Writing synonym multicollinearity
Writing synonym rationalism
Writing synonym rationality
Writing synonym rational choice theory
Writing synonym virtual ethnography
Writing synonym online ethnography
Writing synonym privacy
Writing synonym online surveys
Writing synonym e-questionnaires
Writing synonym e-surveys
Writing synonym email survey
Writing synonym web surveys
Writing synonym e-mail survey
Writing synonym online questionnaires
Writing synonym web questionnaire
Writing synonym informed consent
Writing synonym internet research
Writing synonym internet research methods
Writing synonym e-research
Writing synonym online research
Writing synonym online study
Writing synonym online studies
Writing synonym cross-national research
Writing synonym multinational research
Writing synonym international research
Writing synonym transnational research
Writing synonym data mining
Writing synonym information mining
Writing synonym systematic review
Writing synonym secondary data analysis
Writing synonym path coefficient
Writing synonym transcription
Writing synonym transcript
Writing synonym photographs
Writing synonym photography
Writing synonym photographic image
Writing synonym social interaction
Writing synonym social actions
Writing synonym action science
Writing synonym yates' correction
Writing synonym logistic regression
Writing synonym logistic model
Writing synonym chi-square test
Writing synonym chi-square distribution
Writing synonym chi-squared distribution
Writing synonym chi-squared
Writing synonym chi-square
Writing synonym categorical data analysis
Writing synonym comparative research
Writing synonym comparative study
Writing synonym comparative method
Writing synonym comparative methods
Writing synonym comparative studies
Writing synonym literature search
Writing synonym research synthesis
Writing synonym hierarchical linear models
Writing synonym hierarchical linear modeling
Writing synonym hierarchical linear model
Writing synonym hierarchical linear modelling
Writing synonym hlm
Writing synonym hierarchical linear-modeling
Writing synonym hermeneutics
Writing synonym hermeneutic contextualism
Writing synonym hermeneutic analysis
Writing synonym realism
Writing synonym intransitive dimension
Writing synonym rational abstraction
Writing synonym realist
Writing synonym transitive dimension
Writing synonym discourse analysis
Writing synonym topicalization
Writing synonym discourse studies
Writing synonym structuralism
Writing synonym binary opposition
Writing synonym epistemology
Writing synonym theory of knowledge
Writing synonym relativism
Writing synonym critical discourse analysis
Writing synonym innovative methods
Writing synonym critical realism
Writing synonym emergent properties
Writing synonym relational model of society
Writing synonym transcendentalism
Writing synonym critical theory
Writing synonym applied research
Writing synonym educational research
Writing synonym classroom research
Writing synonym ethnographic interviews
Writing synonym critical value
Writing synonym statistical tests
Writing synonym marketing research
Writing synonym market research
Writing synonym consumer surveys
Writing synonym cohort analysis
Writing synonym case-cohort design
Writing synonym cohort effects
Writing synonym longitudinal analysis
Writing synonym repeated cross-sectional designs
Writing synonym total population designs
Writing synonym longitudinal comparative analysis
Writing synonym revolving panel designs
Writing synonym grounded theory
Writing synonym content analysis
Writing synonym story grammars
Writing synonym feminism
Writing synonym artistic inquiry
Writing synonym arts-based methods
Writing synonym creative methods
Writing synonym arts-based research
Writing synonym artistic enquiry
Writing synonym goodness-of-fit test
Writing synonym goodness of fit tests
Writing synonym goodness of fit
Writing synonym goodness-of-fit
Writing synonym pilot studies
Writing synonym scoping studies
Writing synonym pilot experiment
Writing synonym pilot test
Writing synonym exploratory study
Writing synonym scoping study
Writing synonym feasibility
Writing synonym feasibility trial
Writing synonym interview schedules
Writing synonym semi-structured interviews
Writing synonym moderators
Writing synonym mean scores
Writing synonym classification
Writing synonym categorization
Writing synonym categorisation
Writing synonym bayesian statistics
Writing synonym bayesian inference
Writing synonym unobserved quantity
Writing synonym observed quantity
Writing synonym bayes' theorem
Writing synonym mobile methodologies
Writing synonym mobile methods
Writing synonym mobile research
Writing synonym statistical power
Writing synonym fragmentation
Writing synonym diagnostics
Writing synonym participatory research
Writing synonym growth curve modelling
Writing synonym growth curve modeling
Writing synonym latent variables
Writing synonym canonical correlation
Writing synonym canonical analysis
Writing synonym linear composites
Writing synonym covariance
Writing synonym wishart distribution
Writing synonym covariate
Writing synonym nested variables
Writing synonym census data
Writing synonym key concepts in research
Writing synonym concepts and philosophies
Writing synonym prior probability
Writing synonym data management
Writing synonym social change
Writing synonym foucauldian discourse analysis
Writing synonym discursive psychology
Writing synonym bracketing
Writing synonym arima
Writing synonym box-jenkins method
Writing synonym autoregressive integrated moving average
Writing synonym box-jenkins modeling
Writing synonym actor network theory
Writing synonym permutation
Writing synonym individual differences
Writing synonym phi coefficient
Writing synonym functionalism
Writing synonym creative interviewing
Writing synonym active interviews
Writing synonym cluster analysis
Writing synonym cluster detection
Writing synonym cluster studies
Writing synonym databases
Writing synonym panel studies
Writing synonym prospective data
Writing synonym longitudinal research
Writing synonym longitudinal
Writing synonym retrospective data
Writing synonym non-parametric statistics
Writing synonym nonparametric statistics
Writing synonym nonparametric tests
Writing synonym nonparametric stats
Writing synonym power efficiency
Writing synonym non-parametric tests
Writing synonym non-parametric stats
Writing synonym covariance matrix
Writing synonym correlation
Writing synonym parametric statistics
Writing synonym association models
Writing synonym logit and probit models
Writing synonym probit model
Writing synonym logit model
Writing synonym measures of association
Writing synonym odds ratio
Writing synonym memos
Writing synonym theoretical memoing
Writing synonym memoing
Writing synonym constant comparison
Writing synonym purposive sampling
Writing synonym purposeful sampling
Writing synonym judgement sample
Writing synonym theoretical sampling
Writing synonym postpositivism
Writing synonym post-empiricism
Writing synonym post-positivism
Writing synonym postempiricism
Writing synonym research bias
Writing synonym experimenter's bias
Writing synonym population error
Writing synonym measurement bias
Writing synonym generalizability
Writing synonym generalization
Writing synonym generalisability
Writing synonym generalisation
Writing synonym causation
Writing synonym causality
Writing synonym causal inference
Writing synonym causal model
Writing synonym causal effect
Writing synonym positivism
Writing synonym unity of scientific method
Writing synonym p-value
Writing synonym t-test
Writing synonym t test
Writing synonym cronbach's alpha
Writing synonym cronbach's coefficient alpha
Writing synonym deduction
Writing synonym deductive
Writing synonym effect size
Writing synonym research questions
Writing synonym research aims
Writing synonym data collection
Writing synonym data gathering
Writing synonym data generation
Writing synonym quantitative data collection
Writing synonym quantitative methods
Writing synonym quantitative research
Writing synonym response rates
Writing synonym non-response
Writing synonym nonresponse
Writing synonym behaviorism
Writing synonym observable disposition
Writing synonym behavioralism
Writing synonym behaviourism
Writing synonym behaviouralism
Writing synonym operant conditioning
Writing synonym research proposals
Writing synonym grant application
Writing synonym funding application
Writing synonym hermeneutic cycle
Writing synonym hermeneutic circle
Writing synonym type i errors
Writing synonym false alarm rate
Writing synonym false positive
Writing synonym type i error
Writing synonym alpha error
Writing synonym statistical inference
Writing synonym inferential analysis
Writing synonym cramer's v
Writing synonym cramer's phi
Writing synonym objectivity
Writing synonym objectivism
Writing synonym nodes
Writing synonym sociometry
Writing synonym sociometric research
Writing synonym sociometric
Writing synonym sociometric method
Writing synonym peer nomination
Writing synonym peer ratings
Writing synonym sociometrics
Writing synonym social network research
Writing synonym social network analysis
Writing synonym online community research
Writing synonym network analysis
Writing synonym online community analysis
Writing synonym intercoder reliability
Writing synonym fieldwork
Writing synonym field studies
Writing synonym field research
Writing synonym field notes
Writing synonym fieldnotes
Writing synonym ideologies
Writing synonym expected frequencies
Writing synonym observed frequencies
Writing synonym netnography
Writing synonym estimation methods
Writing synonym levene's test
Writing synonym homogeneity of variance
Writing synonym feminist research
Writing synonym queer theory
Writing synonym box-score method
Writing synonym descriptive statistics
Writing synonym univariate analysis
Writing synonym ratio scales
Writing synonym ordinal scales
Writing synonym interval scales
Writing synonym levels of measurement
Writing synonym measurement scales
Writing synonym measurement scaling
Writing synonym nominal scales
Writing synonym phenomenology
Writing synonym intentionality
Writing synonym theory of intentionality
Writing synonym meta-analysis
Writing synonym meta analysis
Writing synonym metaanalysis
Writing synonym secondary research
Writing synonym library research
Writing synonym desk research
Writing synonym writing research
Writing synonym induction
Writing synonym inductive
Writing synonym hypothesis
Writing synonym hypotheses
Writing synonym abduction
Writing synonym category construction
Writing synonym emergent design
Writing synonym phenomenological analysis
Writing synonym intentionality of consciousness
Writing synonym textual analysis
Writing synonym text analysis
Writing synonym conversation analysis
Writing synonym interaction analysis
Writing synonym spoken discourse analysis
Writing synonym interpretive phenomenological analysis
Writing synonym ipa
Writing synonym interpretative phenomenological analysis
Writing synonym kolmogorov-smirnov test
Writing synonym program evaluation
Writing synonym evaluation design
Writing synonym visual ethnography
Writing synonym archival research
Writing synonym archive
Writing synonym cognitive interviews
Writing synonym cognitive interviewing
Writing synonym question testing
Writing synonym questionnaire design
Writing synonym pre-test interviews
Writing synonym pretest interviews
Writing synonym preparatory interview
Writing synonym mixed effects model
Writing synonym spearman's rank order correlation
Writing synonym spearman rank correlaction coefficient
Writing synonym spearman's correlation coefficient
Writing synonym spearman's rank correlation coefficient
Writing synonym spearmans rank order correlation
Writing synonym face validity
Writing synonym autobiography
Writing synonym interpretive repertoires
Writing synonym communicating and disseminating research
Writing synonym fuzzy set
Writing synonym fuzzy sets
Writing synonym fuzzy set theory
Writing synonym correspondence analysis
Writing synonym qualitative comparative analysis
Writing synonym qualitative comparative analysis (qca)
Writing synonym qca
Writing synonym qualitative measures
Writing synonym dispersion
Writing synonym statistical variability
Writing synonym panel data
Writing synonym fixed effects model
Writing synonym critical reading, writing and thinking
Writing synonym empiricism
Writing synonym planning research
Writing synonym unit non-response
Writing synonym unit nonresponse
Writing synonym item non-response
Writing synonym item nonresponse
Writing synonym statistical control
Writing synonym representative samples
Writing synonym representativeness
Writing synonym personal narratives
Writing synonym field relations
Writing synonym ethnographic writing
Writing synonym internal reliability
Writing synonym convergent validity
Writing synonym boolean logic
Writing synonym random effects model
Writing synonym documentary analysis
Writing synonym document analysis
Writing synonym research funding
Writing synonym research grant
Writing synonym research grants
Writing synonym bivariate regression
Writing synonym bivariate analysis
Writing synonym spss
Writing synonym ibm spss statistics
Writing synonym stata
Writing synonym syntax
Writing synonym rasch models
Writing synonym semiotics
Writing synonym research ethics
Writing synonym integrity
Writing synonym confidentiality
Writing synonym data archives
Writing synonym media analysis
Writing synonym cross-cultural research
Writing synonym pragmatism
Writing synonym american pragmatism
Writing synonym american pragmatist
Writing synonym time-series design
Writing synonym organizational research
Writing synonym observation schedules
Writing synonym population mean
Writing synonym feminist epistemology
Writing synonym nonprobability sampling
Writing synonym non-probability sampling
Writing synonym demography
Writing synonym constructivism
Writing synonym biographical research
Writing synonym biography
Writing synonym biographical methods
Writing synonym biographical
Writing synonym kurtosis
Writing synonym ecological validity
Writing synonym biographical interpretive method
Writing synonym biographical interpretative methodology
Writing synonym biographical interpretative method (bim)
Writing synonym biographical interpretative method
Writing synonym bim
Writing synonym fuzzy logic
Writing synonym triangulation
Writing synonym spatial analysis
Writing synonym geographic information systems
Writing synonym gisci
Writing synonym gis
Writing synonym monte carlo methods
Writing synonym monte carlo simulation
Writing synonym mindfulness
Writing synonym f-tests
Writing synonym semantic differentials
Writing synonym attitude scales
Writing synonym summated scales
Writing synonym likert scales
Writing synonym summated rating scales
Writing synonym nash equilibrium
Writing synonym methodology
Writing synonym graphs
Writing synonym contextual effects
Writing synonym small area estimation
Writing synonym diffuse comparisons
Writing synonym general linear models
Writing synonym generalised linear models
Writing synonym generalized linear models
Writing synonym glm
Writing synonym general linear modelling
Writing synonym ethical codes
Writing synonym ethical constraints
Writing synonym code of ethics
Writing synonym ethical approval
Writing synonym ethics boards
Writing synonym continuous variables
Writing synonym degrees of freedom
Writing synonym probability sampling
Writing synonym probabilistic sampling
Writing synonym random sampling
Writing synonym simulation
Writing synonym computational modelling
Writing synonym computational simulation
Writing synonym proxy variables
Writing synonym intersubjectivity
Writing synonym reasoning
Writing synonym big data
Writing synonym histograms
Writing synonym stem-and-leaf
Writing synonym bar charts
Writing synonym box-and-whisker
Writing synonym box and whisker
Writing synonym box-and-whisker-diagram
Writing synonym box plot
Writing synonym box and whisker plot
Writing synonym boxplot
Writing synonym pie charts
Writing synonym scatterplots
Writing synonym scatter graph
Writing synonym scatter plot
Writing synonym scatter diagram
Writing synonym research with children
Writing synonym sampling error
Writing synonym estimation error
Writing synonym central tendency
Writing synonym multiple realities
Writing synonym atlas.ti
Writing synonym nvivo
Writing synonym underlying distribution
Writing synonym epidemiology
Writing synonym control variables
Writing synonym policy research
Writing synonym policymaking
Writing synonym policy making
Writing synonym policy-making
Writing synonym public opinion research
Writing synonym survival analysis
Writing synonym event history analysis
Writing synonym event history data
Writing synonym hazard rates
Writing synonym impression management
Writing synonym environmental stimuli
Writing synonym documentary research
Writing synonym documentary methods
Writing synonym social desirability bias
Writing synonym computer-assisted qualitative data analysis
Writing synonym qualitative software
Writing synonym caqdas
Writing synonym computer-assisted data analysis
Writing synonym one-way analysis of variance
Writing synonym one-way anova
Writing synonym two-way analysis of variance
Writing synonym two way anova
Writing synonym two-way anova
Writing synonym two way analysis of variance
Writing synonym social media research
Writing synonym turn-taking
Writing synonym adjacency pairs
Writing synonym matrix representation
Writing synonym diary methods
Writing synonym diaries
Writing synonym protocols
Writing synonym presenting research
Writing synonym type ii errors
Writing synonym ß error
Writing synonym beta error
Writing synonym miss rate
Writing synonym false negative
Writing synonym data synthesis
Writing synonym youth-led research
Writing synonym child-led research
Writing synonym collaborative research
Writing synonym collaborative methodologies
Writing synonym denotation
Writing synonym resampling
Writing synonym maxqda
Writing synonym agglomerative methods
Writing synonym translation
Writing synonym gender difference
Writing synonym gender inequality
Writing synonym gender equality
Writing synonym population variance
Writing synonym in-depth interviews
Writing synonym depth interviews
Writing synonym delphi method
Writing synonym normative delphi
Writing synonym delphi technique
Writing synonym critical hermeneutics
Writing synonym vulnerable groups
Writing synonym empirical data
Writing synonym primary data
Writing synonym policy evaluation
Writing synonym policy analysis
Writing synonym quality criteria
Writing synonym manifest variables
Writing synonym cross-case analysis
Writing synonym scepticism
Writing synonym likelihood functions
Writing synonym fisher's exact test
Writing synonym single cases
Writing synonym n=1
Writing synonym subjectivity
Writing synonym subjectivism
Writing synonym subjectivist
Writing synonym social reality
Writing synonym large-scale research
Writing synonym teaching research methods
Writing synonym matched pairs
Writing synonym falsification
Writing synonym falsificationism
Writing synonym positioning theory
Writing synonym official statistics
Writing synonym principal components analysis
Writing synonym categorical variables
Writing synonym attrition
Writing synonym units of analysis
Writing synonym double hermeneutic
Writing synonym tape-recording
Writing synonym field recording
Writing synonym field recordings
Writing synonym interviewer effects
Writing synonym unfolding method
Writing synonym sample bias
Writing synonym ascertainment bias
Writing synonym sample selection bias
Writing synonym indexicality
Writing synonym cross-tabulation
Writing synonym crosstab
Writing synonym crosstabulation
Writing synonym cross tabulation
Writing synonym cross tab
Writing synonym contingency tables
Writing synonym second-order factors
Writing synonym q methodology
Writing synonym computational modeling
Writing synonym interval variables
Writing synonym ratio variables
Writing synonym consensus
Writing synonym personal experience
Writing synonym collage inquiry
Writing synonym latent trait analysis
Writing synonym latent trait
Writing synonym latent trait model
Writing synonym metric variables
Writing synonym metric-level variables
Writing synonym elite interviews
Writing synonym dichotomous variables
Writing synonym audience ethnography
Writing synonym communality
Writing synonym theoretical saturation
Writing synonym dissimilarity measures
Writing synonym meta-synthesis
Writing synonym metasynthesis
Writing synonym meta synthesis
Writing synonym thematic analysis
Writing synonym internal validity
Writing synonym poisson regression
Writing synonym poetic inquiry
Writing synonym poetics
Writing synonym random allocation
Writing synonym randomisation
Writing synonym randomly selected
Writing synonym cluster sampling
Writing synonym introspection
Writing synonym ordinal variables
Writing synonym ordinal-level variables
Writing synonym prediction
Writing synonym conditional probability
Writing synonym cooperative inquiry
Writing synonym collaborative inquiry
Writing synonym mann-whitney u test
Writing synonym emancipatory research
Writing synonym emancipation
Writing synonym safe fieldwork
Writing synonym r statistical package
Writing synonym factorial design
Writing synonym randomized controlled trials
Writing synonym randomised control trials
Writing synonym rcts
Writing synonym random control trials
Writing synonym randomised control studies
Writing synonym random controlled trials
Writing synonym randomizing groups
Writing synonym randomized control studies
Writing synonym replication
Writing synonym automated text analysis
Writing synonym knowledge discovery from text
Writing synonym probability distribution
Writing synonym combining data
Writing synonym central limit theorem
Writing synonym polling
Writing synonym opinion polls
Writing synonym opinion poll
Writing synonym pareto chart
Writing synonym practitioner research
Writing synonym practice-based research
Writing synonym range
Writing synonym student's t-distribution
Writing synonym item response theory
Writing synonym irt
Writing synonym nominal variables
Writing synonym nominal-level variables
Writing synonym least squares criterion
Writing synonym least-square criterion
Writing synonym least square criterion
Writing synonym path diagram
Writing synonym aptitude tests
Writing synonym kruskal-wallis test
Writing synonym personality inventories
Writing synonym paired t-test
Writing synonym sensitising concepts
Writing synonym wilcoxon test
Writing synonym frankfurt school
Writing synonym publishing your research
Writing synonym agent-based simulation
Writing synonym agent-based modeling
Writing synonym agent-based modelling
Writing synonym research impact
Writing synonym impactful research
Writing synonym cross-sectional design
Writing synonym historiography
Writing synonym inscription
Writing synonym rhetoric
Writing synonym rhetorical
Writing synonym cohort studies
Writing synonym cohort-sequential design
Writing synonym cohort sequential design
Writing synonym natural logarithm
Writing synonym achievement tests
Writing synonym achievement testing
Writing synonym latent class analysis
Writing synonym latent class
Writing synonym econometrics
Writing synonym theory testing
Writing synonym philosophy of research
Writing synonym semiparametric models
Writing synonym endogenous variables
Writing synonym multiple methods
Writing synonym exogenous variables
Writing synonym telephone surveys
Writing synonym verstehen
Writing synonym homogeneity of regression
Writing synonym critical resistance analysis
Writing synonym cra
Writing synonym data visualization
Writing synonym kaiser-meyer-olkin test
Writing synonym kmo
Writing synonym kaiser meyer olkin
Writing synonym bartlett's test
Writing synonym fluctuations
Writing synonym photovoice
Writing synonym transferability
Writing synonym mediation
Writing synonym axial coding
Writing synonym moderation
Writing synonym regulation
Writing synonym realist synthesis
Writing synonym cook's distance
Writing synonym cook's d
Writing synonym post-hoc analysis
Writing synonym forecasting
Writing synonym data sharing
Writing synonym research report
Writing synonym insider action research
Writing synonym stakeholders
Writing synonym design-based research
Writing synonym split-half reliability
Writing synonym parallel forms reliability
Writing synonym internal consistency reliability
Writing synonym robust regression
Writing synonym negative cases
Writing synonym process evaluation
Writing synonym credibility
Writing synonym gatekeepers
Writing synonym thesis
Writing synonym thesis publication
Writing synonym published thesis
Writing synonym dissertation thesis
Writing synonym thesis viva
Writing synonym writing thesis
Writing synonym publish thesis
Writing synonym access
Writing synonym journal articles
Writing synonym recruiting participants
Writing synonym investigator bias
Writing synonym investigator effects
Writing synonym interviewer bias
Writing synonym total survey error
Writing synonym question formation
Writing synonym concept mapping
Writing synonym truth claims
Writing synonym sequential design
Writing synonym random variables
Writing synonym interquartile range
Writing synonym kendall's rank correlation
Writing synonym kendall's tau coefficient
Writing synonym tau test
Writing synonym kendall's tau
Writing synonym kendall's t
Writing synonym semi-interquartile range
Writing synonym pearson's correlation coefficient
Writing synonym pearson product-moment correlation coefficient
Writing synonym pearson correlations
Writing synonym z-score
Writing synonym z-value
Writing synonym standard score
Writing synonym expert interviews
Writing synonym coefficient of variation
Writing synonym coding scheme
Writing synonym chebyshev's theorem
Writing synonym statistical modelling
Writing synonym statistical models
Writing synonym transformative paradigm
Writing synonym multiple-choice questions
Writing synonym propensity scores
Writing synonym algorithms
Writing synonym computer algorithm
Writing synonym algorithmic
Writing synonym propensity score matching
Writing synonym data reconstruction
Writing synonym auditing
Writing synonym audit (academic)
Writing synonym audit
Writing synonym visual representations
Writing synonym logical empiricism
Writing synonym neo-positivism
Writing synonym wilks' lambda
Writing synonym partial correlation
Writing synonym thurstone scales
Writing synonym funnel plots
Writing synonym simultaneous equations
Writing synonym nuisance variables
Writing synonym crisis of representation
Writing synonym anonymity
Writing synonym computer-assisted telephone interviews
Writing synonym cati
Writing synonym computer-assisted telephone interviewing
Writing synonym parametric models
Writing synonym graph theory
Writing synonym interaction order
Writing synonym cochrane collaboration
Writing synonym collaboration cochrane
Writing synonym survey weighting
Writing synonym weighting data
Writing synonym external validity
Writing synonym sensitive topics
Writing synonym snowball sampling
Writing synonym f-ratios
Writing synonym frequency distribution
Writing synonym lorenz curve
Writing synonym verification
Writing synonym spurious correlation
Writing synonym dissertation
Writing synonym eigenvalues
Writing synonym contemplative inquiry
Writing synonym materialism
Writing synonym evidence-based practice
Writing synonym cointegration
Writing synonym paradigms
Writing synonym cross-sectional surveys
Writing synonym cross-sectional questionnaire
Writing synonym collective behavior
Writing synonym collective behaviour
Writing synonym social structures
Writing synonym social order
Writing synonym process theory
Writing synonym similarity measures
Writing synonym scientific method
Writing synonym structural analysis
Writing synonym naturally occurring data
Writing synonym naturalistic data
Writing synonym reexpression
Writing synonym parameter estimation
Writing synonym projective techniques
Writing synonym projective technique
Writing synonym construct validity
Writing synonym declaration of helsinki
Writing synonym historicism
Writing synonym data linkage
Writing synonym linked data
Writing synonym thick description
Writing synonym representation of reality
Writing synonym covariance structure models
Writing synonym cochran's q test
Writing synonym cochran q test
Writing synonym cochran q-test
Writing synonym external reliability
Writing synonym computer-assisted personal interviews
Writing synonym computer-assisted personal interviewing
Writing synonym capi
Writing synonym vignettes
Writing synonym markov chain
Writing synonym markov chain methods
Writing synonym markov chain ,models
Writing synonym best linear unbiased estimator
Writing synonym blup
Writing synonym best linear unbiased prediction
Writing synonym hawthorne effect
Writing synonym outliers
Writing synonym open coding
Writing synonym hypothetico-deductivist methods
Writing synonym hypothetico-deductive
Writing synonym non-linearity
Writing synonym nonlinearity
Writing synonym deconstruction
Writing synonym complexity theory
Writing synonym repeated measures design
Writing synonym idealism
Writing synonym idealist
Writing synonym word frequency counts
Writing synonym random factors
Writing synonym social constructionism
Writing synonym cultural relativism
Writing synonym interview guides
Writing synonym relational data
Writing synonym data collection skills
Writing synonym data analysis skills
Writing synonym study skills
Writing synonym researcher skills
Writing synonym professional skills
Writing synonym student success
Writing synonym career development
Writing synonym practical skills
Writing synonym practitioner skills
Writing synonym professional communication
Writing synonym doing research
Writing synonym researcher development
Writing synonym factor scales
Loading Alexa skill definition 'alexa_skill_def.json'
Updating Alexa skill slot values (659 terms)
Writing Alexa skill definition 'alexa_skill_def_updated.json'
